<?xml version="1.0" encoding="UTF-8"?>
<!-- Generated by org.testng.reporters.JUnitXMLReporter -->
<testsuite hostname="LAPTOP-T7RJ4J9F" ignored="0" name="Navigation Bars" tests="1" failures="1" timestamp="03 Feb 2021 06:18:53 GMT" time="82.312" errors="0">
  <testcase name="getTitle" time="34.162" classname="Academy.ValidateTitle_NavigationBar">
    <failure type="java.lang.AssertionError" message="expected [false] but found [true]">
      <![CDATA[java.lang.AssertionError: expected [false] but found [true]
at Academy.ValidateTitle_NavigationBar.getTitle(ValidateTitle_NavigationBar.java:36)
at java.util.concurrent.FutureTask.run(Unknown Source)
at java.util.concurrent.ThreadPoolExecutor.runWorker(Unknown Source)
at java.util.concurrent.ThreadPoolExecutor$Worker.run(Unknown Source)
at java.lang.Thread.run(Unknown Source)
... Removed 20 stack frames]]>
    </failure>
  </testcase> <!-- getTitle -->
</testsuite> <!-- Navigation Bars -->
