<?xml version="1.0" encoding="UTF-8"?>
<!-- Generated by org.testng.reporters.JUnitXMLReporter -->
<testsuite hostname="LAPTOP-T7RJ4J9F" ignored="0" name="Test" tests="3" failures="0" timestamp="25 Jan 2021 11:48:52 GMT" time="63.801" errors="0">
  <testcase name="getTitle" time="24.764" classname="Academy.ValidateTitle_NavigationBar"/>
  <testcase name="basePageNavigation" time="10.575" classname="Academy.HomePage"/>
  <testcase name="basePageNavigation" time="7.29" classname="Academy.HomePage"/>
</testsuite> <!-- Test -->
