<?xml version="1.0" encoding="UTF-8"?>
<!-- Generated by org.testng.reporters.JUnitXMLReporter -->
<testsuite hostname="LAPTOP-T7RJ4J9F" ignored="0" name="Navigation Bars" tests="1" failures="1" timestamp="03 Feb 2021 11:04:33 GMT" time="26.081" errors="0">
  <testcase name="getTitle" time="16.062" classname="Academy.ValidateTitle_NavigationBar">
    <failure type="java.lang.AssertionError" message="expected [false] but found [true]">
      <![CDATA[java.lang.AssertionError: expected [false] but found [true]
at Academy.ValidateTitle_NavigationBar.getTitle(ValidateTitle_NavigationBar.java:36)
at java.util.concurrent.FutureTask.run(FutureTask.java:266)
at java.util.concurrent.ThreadPoolExecutor.runWorker(ThreadPoolExecutor.java:1149)
at java.util.concurrent.ThreadPoolExecutor$Worker.run(ThreadPoolExecutor.java:624)
at java.lang.Thread.run(Thread.java:748)
... Removed 20 stack frames]]>
    </failure>
  </testcase> <!-- getTitle -->
</testsuite> <!-- Navigation Bars -->
