<?xml version="1.0" encoding="UTF-8"?>
<!-- Generated by org.testng.reporters.JUnitXMLReporter -->
<testsuite hostname="LAPTOP-T7RJ4J9F" ignored="0" name="Test" tests="3" failures="0" timestamp="26 Jan 2021 11:07:02 GMT" time="44.516" errors="0">
  <testcase name="getTitle" time="6.979" classname="Academy.ValidateTitle_NavigationBar"/>
  <testcase name="basePageNavigation" time="10.491" classname="Academy.HomePage"/>
  <testcase name="basePageNavigation" time="10.387" classname="Academy.HomePage"/>
</testsuite> <!-- Test -->
