-------------------------------------------------------------------------------
Test set: TestSuite
-------------------------------------------------------------------------------
Tests run: 1, Failures: 1, Errors: 0, Skipped: 0, Time elapsed: 43.009 s <<< FAILURE! - in TestSuite
Academy.ValidateTitle_NavigationBar.getTitle  Time elapsed: 17.008 s  <<< FAILURE!
java.lang.AssertionError: expected [false] but found [true]
	at Academy.ValidateTitle_NavigationBar.getTitle(ValidateTitle_NavigationBar.java:36)

